<?xml version="1.0" encoding="UTF-8"?>
<testsuite xmlns:xsi="http://www.w3.org/2001/XMLSchema-instance" xsi:noNamespaceSchemaLocation="https://maven.apache.org/surefire/maven-surefire-plugin/xsd/surefire-test-report.xsd" version="3.0.2" name="com.myapp.pea.PeaToDoListApplicationTests" time="1.102" tests="1" errors="0" skipped="0" failures="0">
  <properties>
[...]
</properties>
  <testcase name="contextLoads" classname="com.myapp.pea.PeaToDoListApplicationTests" time="0.438">
    <system-out><![CDATA[12:40:31.756 [main] INFO org.springframework.test.context.support.AnnotationConfigContextLoaderUtils -- Could not detect default configuration classes for test class [com.myapp.pea.PeaToDoListApplicationTests]: PeaToDoListApplicationTests does not declare any static, non-private, non-final, nested classes annotated with @Configuration.
12:40:31.819 [main] INFO org.springframework.boot.test.context.SpringBootTestContextBootstrapper -- Found @SpringBootConfiguration com.myapp.pea.PeaToDoListApplication for test class com.myapp.pea.PeaToDoListApplicationTests

   PEA TO-DO LIST APPLICATION!

   _   _   _   _   _   _   _     _   _     _   _   _     _   _   _   _   _   _     _   _     _   _   _   _   _   _
  / \ / \ / \ / \ / \ / \ / \   / \ / \   / \ / \ / \   / \ / \ / \ / \ / \ / \   / \ / \   / \ / \ / \ / \ / \ / \
 ( C   r   e   a   t   e   d     b   y     J   o   n     A   r   b   e   l   l     D   e     O   c   a   m   p   o )
  \_/ \_/ \_/ \_/ \_/ \_/ \_/   \_/ \_/   \_/ \_/ \_/   \_/ \_/ \_/ \_/ \_/ \_/   \_/ \_/   \_/ \_/ \_/ \_/ \_/ \_/



2025-02-05T12:40:32.069+08:00  INFO 15068 --- [           main] c.myapp.pea.PeaToDoListApplicationTests  : Starting PeaToDoListApplicationTests using Java 23.0.1 with PID 15068 (started by Jon Arbell De Ocampo in D:\Arbell\Projects Programming\Java\WEB APPLICATION\BACK END\PeaTodoListApplication)
2025-02-05T12:40:32.072+08:00  INFO 15068 --- [           main] c.myapp.pea.PeaToDoListApplicationTests  : The following 1 profile is active: "dev"
2025-02-05T12:40:32.326+08:00  INFO 15068 --- [           main] c.myapp.pea.PeaToDoListApplicationTests  : Started PeaToDoListApplicationTests in 0.431 seconds (process running for 0.963)
]]></system-out>
    <system-err><![CDATA[Mockito is currently self-attaching to enable the inline-mock-maker. This will no longer work in future releases of the JDK. Please add Mockito as an agent to your build what is described in Mockito's documentation: https://javadoc.io/doc/org.mockito/mockito-core/latest/org/mockito/Mockito.html#0.3
WARNING: A Java agent has been loaded dynamically (C:\Users\Arbell pogi\.m2\repository\net\bytebuddy\byte-buddy-agent\1.15.11\byte-buddy-agent-1.15.11.jar)
WARNING: If a serviceability tool is in use, please run with -XX:+EnableDynamicAgentLoading to hide this warning
WARNING: If a serviceability tool is not in use, please run with -Djdk.instrument.traceUsage for more information
WARNING: Dynamic loading of agents will be disallowed by default in a future release
]]></system-err>
  </testcase>
</testsuite>